<?xml version="1.0" encoding="UTF-8"?>
<!-- Generated by org.testng.reporters.JUnitXMLReporter -->
<testsuite hostname="XCLP-SEZ-51" name="test-group" tests="2" failures="0" timestamp="10 Jan 2019 07:16:42 GMT" time="0.025" errors="0">
  <testcase name="TestMethod1" time="0.011" classname="com.offline.TestGrp"/>
  <testcase name="TestMethod3" time="0.001" classname="com.offline.TestGrp"/>
</testsuite> <!-- test-group -->
