<?xml version="1.0" encoding="UTF-8"?>
<!-- Generated by org.testng.reporters.JUnitReportReporter -->
<testsuite hostname="LAPTOP-KCS3PNGF" name="com.factory.Test2" tests="1" failures="0" timestamp="12 Jan 2019 01:22:37 GMT" time="0.002" errors="0">
  <testcase name="test2" time="0.002" classname="com.factory.Test2"/>
</testsuite> <!-- com.factory.Test2 -->
