<?xml version="1.0" encoding="UTF-8"?>
<!-- Generated by org.testng.reporters.JUnitReportReporter -->
<testsuite hostname="BHLP-TU1-1734" name="com.offline.TestMethods" tests="2" failures="0" timestamp="16 Sep 2019 07:13:11 GMT" time="0.017" errors="0">
  <testcase name="testMethodWithReturn" time="0.015" classname="com.offline.TestMethods"/>
  <testcase name="testMethodWithoutReturn" time="0.002" classname="com.offline.TestMethods"/>
</testsuite> <!-- com.offline.TestMethods -->
