<?xml version="1.0" encoding="UTF-8"?>
<!-- Generated by org.testng.reporters.JUnitReportReporter -->
<testsuite hostname="XCLP-SEZ-51" name="com.offline.TestGrp" tests="3" failures="0" timestamp="10 Jan 2019 07:19:31 GMT" time="0.013" errors="0">
  <testcase name="TestMethod3" time="0.001" classname="com.offline.TestGrp"/>
  <testcase name="TestMethod1" time="0.011" classname="com.offline.TestGrp"/>
  <testcase name="TestMethod2" time="0.001" classname="com.offline.TestGrp"/>
</testsuite> <!-- com.offline.TestGrp -->
