<?xml version="1.0" encoding="UTF-8"?>
<!-- Generated by org.testng.reporters.JUnitReportReporter -->
<testsuite hostname="LAPTOP-KCS3PNGF" name="com.offline.TestGroup" tests="5" failures="0" timestamp="3 Oct 2019 02:47:36 GMT" time="0.048" errors="0">
  <testcase name="test2" time="0.001" classname="com.offline.TestGroup"/>
  <testcase name="test3" time="0.002" classname="com.offline.TestGroup"/>
  <testcase name="test4" time="0.002" classname="com.offline.TestGroup"/>
  <testcase name="test6" time="0.001" classname="com.offline.TestGroup"/>
  <testcase name="test1" time="0.042" classname="com.offline.TestGroup"/>
</testsuite> <!-- com.offline.TestGroup -->
