<?xml version="1.0" encoding="UTF-8"?>
<!-- Generated by org.testng.reporters.JUnitReportReporter -->
<testsuite hostname="LAPTOP-KCS3PNGF" name="com.offline.TestPriority" tests="6" failures="0" timestamp="6 Nov 2019 00:58:09 GMT" time="0.068" errors="0">
  <testcase name="testNegativePriority" time="0.048" classname="com.offline.TestPriority"/>
  <testcase name="testMethod2" time="0.004" classname="com.offline.TestPriority"/>
  <testcase name="alphaMethod1" time="0.011" classname="com.offline.TestPriority"/>
  <testcase name="testMethod3" time="0.001" classname="com.offline.TestPriority"/>
  <testcase name="testMethod1" time="0.002" classname="com.offline.TestPriority"/>
  <testcase name="aTestMethod4" time="0.002" classname="com.offline.TestPriority"/>
</testsuite> <!-- com.offline.TestPriority -->
