<?xml version="1.0" encoding="UTF-8"?>
<!-- Generated by org.testng.reporters.JUnitReportReporter -->
<testsuite hostname="LAPTOP-KCS3PNGF" name="com.offline.MockConcreteExample" tests="1" failures="0" timestamp="5 Jan 2019 17:27:15 GMT" time="2.025" errors="0">
  <testcase name="mock_concrete_class" time="2.025" classname="com.offline.MockConcreteExample"/>
</testsuite> <!-- com.offline.MockConcreteExample -->
