<?xml version="1.0" encoding="UTF-8"?>
<!-- Generated by org.testng.reporters.JUnitReportReporter -->
<testsuite hostname="LAPTOP-KCS3PNGF" name="com.offline.MockitoExample" tests="2" failures="0" timestamp="5 Jan 2019 14:33:28 GMT" time="1.704" errors="0">
  <testcase name="test_mock_object" time="1.698" classname="com.offline.MockitoExample"/>
  <testcase name="test_mock_object" time="0.006" classname="com.offline.MockitoExample"/>
</testsuite> <!-- com.offline.MockitoExample -->
