<?xml version="1.0" encoding="UTF-8"?>
<!-- Generated by org.testng.reporters.JUnitReportReporter -->
<testsuite hostname="LAPTOP-KCS3PNGF" name="com.factory.Test1" tests="1" failures="0" timestamp="12 Jan 2019 01:22:37 GMT" time="0.085" errors="0">
  <testcase name="test1" time="0.085" classname="com.factory.Test1"/>
</testsuite> <!-- com.factory.Test1 -->
