<?xml version="1.0" encoding="UTF-8"?>
<!-- Generated by org.testng.reporters.JUnitReportReporter -->
<testsuite hostname="Mettl197" name="com.offline.Calculator" tests="1" failures="0" timestamp="1 May 2018 19:24:30 GMT" time="4.138" errors="0">
  <testcase name="testCal" time="4.138" classname="com.offline.Calculator"/>
</testsuite> <!-- com.offline.Calculator -->
