<?xml version="1.0" encoding="UTF-8"?>
<!-- Generated by org.testng.reporters.JUnitReportReporter -->
<testsuite hostname="LAPTOP-KCS3PNGF" name="com.offline.TestAnnotations" tests="10" failures="0" timestamp="2 Dec 2019 00:54:12 GMT" time="0.227" errors="0">
  <testcase name="testTestMethod" time="0.001" classname="com.offline.TestAnnotations"/>
  <testcase name="testTestMethod" time="0.036" classname="com.offline.TestAnnotations"/>
  <testcase name="testTestMethod" time="0.017" classname="com.offline.TestAnnotations"/>
  <testcase name="testTestMethod" time="0.040" classname="com.offline.TestAnnotations"/>
  <testcase name="testTestMethod" time="0.018" classname="com.offline.TestAnnotations"/>
  <testcase name="testTestMethod" time="0.003" classname="com.offline.TestAnnotations"/>
  <testcase name="testTestMethod" time="0.038" classname="com.offline.TestAnnotations"/>
  <testcase name="testTestMethod" time="0.033" classname="com.offline.TestAnnotations"/>
  <testcase name="testTestMethod" time="0.039" classname="com.offline.TestAnnotations"/>
  <testcase name="testTestMethod" time="0.002" classname="com.offline.TestAnnotations"/>
</testsuite> <!-- com.offline.TestAnnotations -->
