<?xml version="1.0" encoding="UTF-8"?>
<!-- Generated by org.testng.reporters.JUnitReportReporter -->
<testsuite hostname="LAPTOP-KCS3PNGF" name="com.factory.Test3" tests="2" failures="0" timestamp="6 Jan 2019 14:46:18 GMT" time="0.033" errors="0">
  <testcase name="test3" time="0.002" classname="com.factory.Test3"/>
  <testcase name="test3" time="0.031" classname="com.factory.Test3"/>
</testsuite> <!-- com.factory.Test3 -->
