<?xml version="1.0" encoding="UTF-8"?>
<!-- Generated by org.testng.reporters.JUnitReportReporter -->
<testsuite hostname="LAPTOP-KCS3PNGF" name="com.offline.TestAnnotations1" tests="3" failures="0" timestamp="6 Nov 2019 00:59:45 GMT" time="0.054" errors="0">
  <testcase name="testTestMethod2" time="0.022" classname="com.offline.TestAnnotations1"/>
  <testcase name="testTestMethod1" time="0.002" classname="com.offline.TestAnnotations1"/>
  <testcase name="testTestMethod" time="0.030" classname="com.offline.TestAnnotations1"/>
</testsuite> <!-- com.offline.TestAnnotations1 -->
