<?xml version="1.0" encoding="UTF-8"?>
<!-- Generated by org.testng.reporters.JUnitReportReporter -->
<testsuite hostname="LAPTOP-KCS3PNGF" name="com.offline.MockAnnotationExample" tests="2" failures="0" timestamp="5 Jan 2019 14:44:06 GMT" time="1.686" errors="0">
  <testcase name="test_mock_annotation" time="1.681" classname="com.offline.MockAnnotationExample"/>
  <testcase name="test_mock_annotation" time="0.005" classname="com.offline.MockAnnotationExample"/>
</testsuite> <!-- com.offline.MockAnnotationExample -->
